  Graph.cpp
C:\Users\Bartek\Documents\Studia\PEA\TSPSA\TSPSA\Graph.cpp(59,22): warning C4267: "inicjowanie": konwersja z "size_t" do "int", możliwa utrata danych
C:\Users\Bartek\Documents\Studia\PEA\TSPSA\TSPSA\Graph.cpp(98,12): warning C4244: "argument": konwersja z "time_t" do "unsigned int", możliwa utrata danych
C:\Users\Bartek\Documents\Studia\PEA\TSPSA\TSPSA\Graph.cpp(181,31): warning C4244: "return": konwersja z "double" do "float", możliwa utrata danych
C:\Program Files (x86)\Microsoft Visual Studio\2019\Community\VC\Tools\MSVC\14.29.30133\include\algorithm(4805,64): warning C4244: "argument": konwersja z "_Diff" do "int", możliwa utrata danych
C:\Program Files (x86)\Microsoft Visual Studio\2019\Community\VC\Tools\MSVC\14.29.30133\include\algorithm(4885): message : zobacz odwołanie do kompilowanego tworzenia wystąpienia „void std::_Random_shuffle1<_RanIt,_RngFn>(_RanIt,_RanIt,_RngFn &)” funkcji szablon
          with
          [
              _RanIt=std::_Vector_iterator<std::_Vector_val<std::_Simple_types<int>>>,
              _RngFn=Graph::SimulatedAnnealing::<lambda_ef95e7088eb7b62fc611a83148a71cf8>
          ]
C:\Users\Bartek\Documents\Studia\PEA\TSPSA\TSPSA\Graph.cpp(113): message : zobacz odwołanie do kompilowanego tworzenia wystąpienia „void std::random_shuffle<std::_Vector_iterator<std::_Vector_val<std::_Simple_types<_Ty>>>,Graph::SimulatedAnnealing::<lambda_ef95e7088eb7b62fc611a83148a71cf8>>(_RanIt,_RanIt,_RngFn &&)” funkcji szablon
          with
          [
              _Ty=int,
              _RanIt=std::_Vector_iterator<std::_Vector_val<std::_Simple_types<int>>>,
              _RngFn=Graph::SimulatedAnnealing::<lambda_ef95e7088eb7b62fc611a83148a71cf8>
          ]
  Trwa generowanie kodu
  2 of 256 functions ( 0.8%) were compiled, the rest were copied from previous compilation.
    0 functions were new in current compilation
    0 functions had inline decision re-evaluated but remain unchanged
  Zakończono generowanie kodu
  TSPSA.vcxproj -> C:\Users\Bartek\Documents\Studia\PEA\TSPSA\x64\Release\TSPSA.exe
